<?xml version="1.0" encoding="UTF-8"?>
<testsuite name="com.phonebook.tests.HomePageTests" tests="1" skipped="0" failures="0" errors="0" timestamp="2023-06-29T14:32:16" hostname="DESKTOP-OS617JJ" time="0.046">
  <properties/>
  <testcase name="openHomePageTest" classname="com.phonebook.tests.HomePageTests" time="0.046"/>
  <system-out><![CDATA[16:32:16.902 [Test worker] INFO  com.phonebook.tests.TestBase -- Start test openHomePageTest with data: []
16:32:16.960 [Test worker] INFO  com.phonebook.tests.TestBase -- PASSED: openHomePageTest
16:32:16.961 [Test worker] INFO  com.phonebook.tests.TestBase -- Stop test
16:32:16.961 [Test worker] INFO  com.phonebook.tests.TestBase -- ==================================================
]]></system-out>
  <system-err><![CDATA[]]></system-err>
</testsuite>
