<?xml version="1.0" encoding="UTF-8"?>
<testsuite name="com.phonebook.tests.HeaderTests" tests="4" skipped="0" failures="0" errors="0" timestamp="2023-06-29T14:32:16" hostname="DESKTOP-OS617JJ" time="0.185">
  <properties/>
  <testcase name="verifyIsAboutLinkPresent" classname="com.phonebook.tests.HeaderTests" time="0.022"/>
  <testcase name="verifyIsHomeLinkPresent" classname="com.phonebook.tests.HeaderTests" time="0.024"/>
  <testcase name="verifyIsLoginLinkPresent" classname="com.phonebook.tests.HeaderTests" time="0.022"/>
  <testcase name="verifyIsLogoPresent" classname="com.phonebook.tests.HeaderTests" time="0.027"/>
  <system-out><![CDATA[16:32:16.970 [Test worker] INFO  com.phonebook.tests.TestBase -- Start test verifyIsAboutLinkPresent with data: []
16:32:17.023 [Test worker] INFO  com.phonebook.tests.TestBase -- PASSED: verifyIsAboutLinkPresent
16:32:17.024 [Test worker] INFO  com.phonebook.tests.TestBase -- Stop test
16:32:17.025 [Test worker] INFO  com.phonebook.tests.TestBase -- ==================================================
16:32:17.029 [Test worker] INFO  com.phonebook.tests.TestBase -- Start test verifyIsHomeLinkPresent with data: []
16:32:17.076 [Test worker] INFO  com.phonebook.tests.TestBase -- PASSED: verifyIsHomeLinkPresent
16:32:17.076 [Test worker] INFO  com.phonebook.tests.TestBase -- Stop test
16:32:17.077 [Test worker] INFO  com.phonebook.tests.TestBase -- ==================================================
16:32:17.081 [Test worker] INFO  com.phonebook.tests.TestBase -- Start test verifyIsLoginLinkPresent with data: []
16:32:17.126 [Test worker] INFO  com.phonebook.tests.TestBase -- PASSED: verifyIsLoginLinkPresent
16:32:17.128 [Test worker] INFO  com.phonebook.tests.TestBase -- Stop test
16:32:17.128 [Test worker] INFO  com.phonebook.tests.TestBase -- ==================================================
16:32:17.136 [Test worker] INFO  com.phonebook.tests.TestBase -- Start test verifyIsLogoPresent with data: []
16:32:17.186 [Test worker] INFO  com.phonebook.tests.TestBase -- PASSED: verifyIsLogoPresent
16:32:17.186 [Test worker] INFO  com.phonebook.tests.TestBase -- Stop test
16:32:17.189 [Test worker] INFO  com.phonebook.tests.TestBase -- ==================================================
]]></system-out>
  <system-err><![CDATA[]]></system-err>
</testsuite>
